<?xml version="1.0" encoding="UTF-8"?>
<!-- Generated by org.testng.reporters.JUnitReportReporter -->
<testsuite hostname="LAPTOP-FD8BCF3R" name="com.Rbs.Tests.AnEveryDayBankAccountPageTest" tests="2" failures="0" timestamp="15 Nov 2017 06:51:17 GMT" time="54.927" errors="0">
  <testcase name="clickOnWaysToBankLinkTest" time="29.109" classname="com.Rbs.Tests.AnEveryDayBankAccountPageTest"/>
  <testcase name="clickOnVisitUsAtBranchLinkTest" time="25.818" classname="com.Rbs.Tests.AnEveryDayBankAccountPageTest"/>
</testsuite> <!-- com.Rbs.Tests.AnEveryDayBankAccountPageTest -->
