<?xml version="1.0" encoding="UTF-8"?>
<!-- Generated by org.testng.reporters.JUnitReportReporter -->
<testsuite hostname="LAPTOP-FD8BCF3R" name="com.Rbs.Tests.HomePageTest" tests="1" failures="0" timestamp="10 Nov 2017 13:24:23 GMT" time="14.749" errors="0">
  <testcase name="productLinkTest" time="14.749" classname="com.Rbs.Tests.HomePageTest"/>
</testsuite> <!-- com.Rbs.Tests.HomePageTest -->
