<?xml version="1.0" encoding="UTF-8"?>
<!-- Generated by org.testng.reporters.JUnitReportReporter -->
<testsuite hostname="LAPTOP-FD8BCF3R" name="com.Rbs.Tests.PersonalProductPageTest" tests="1" failures="0" timestamp="10 Nov 2017 14:30:20 GMT" time="34.924" errors="0">
  <testcase name="anEverydayBankAccountLinkTest" time="34.924" classname="com.Rbs.Tests.PersonalProductPageTest"/>
</testsuite> <!-- com.Rbs.Tests.PersonalProductPageTest -->
