<?xml version="1.0" encoding="UTF-8"?>
<!-- Generated by org.testng.reporters.JUnitReportReporter -->
<testsuite hostname="LAPTOP-FD8BCF3R" name="com.Rbs.Tests.HomePageTest" tests="1" failures="0" timestamp="10 Nov 2017 14:30:20 GMT" time="11.940" errors="0">
  <testcase name="productLinkTest" time="11.940" classname="com.Rbs.Tests.HomePageTest"/>
</testsuite> <!-- com.Rbs.Tests.HomePageTest -->
