<?xml version="1.0" encoding="UTF-8"?>
<!-- Generated by org.testng.reporters.JUnitReportReporter -->
<testsuite hostname="LAPTOP-FD8BCF3R" name="com.Rbs.Tests.BookABranchAppointmentPageTest" tests="1" failures="0" timestamp="10 Nov 2017 14:30:20 GMT" time="44.245" errors="0">
  <testcase name="enterPostCodeAndFindBranchTest" time="44.245" classname="com.Rbs.Tests.BookABranchAppointmentPageTest"/>
</testsuite> <!-- com.Rbs.Tests.BookABranchAppointmentPageTest -->
