<?xml version="1.0" encoding="UTF-8"?>
<!-- Generated by org.testng.reporters.JUnitReportReporter -->
<testsuite hostname="LAPTOP-FD8BCF3R" name="com.Rbs.Tests.OurRewardAccountPageTest" tests="1" failures="0" timestamp="10 Nov 2017 14:30:20 GMT" time="32.461" errors="0">
  <testcase name="clickOnOurRewardAccountLinkTest" time="32.461" classname="com.Rbs.Tests.OurRewardAccountPageTest"/>
</testsuite> <!-- com.Rbs.Tests.OurRewardAccountPageTest -->
